ERROR - 2023-03-08 21:14:05 --> mysqli_sql_exception: Can't create table `spd_2023`.`auth_tokens` (errno: 150 "Foreign key constraint is incorrectly formed") in /home/bersama/Www/spd_2023/system/Database/MySQLi/Connection.php:292
Stack trace:
#0 /home/bersama/Www/spd_2023/system/Database/MySQLi/Connection.php(292): mysqli->query('CREATE TABLE `a...', 0)
#1 /home/bersama/Www/spd_2023/system/Database/BaseConnection.php(666): CodeIgniter\Database\MySQLi\Connection->execute('CREATE TABLE `a...')
#2 /home/bersama/Www/spd_2023/system/Database/BaseConnection.php(593): CodeIgniter\Database\BaseConnection->simpleQuery('CREATE TABLE `a...')
#3 /home/bersama/Www/spd_2023/system/Database/Forge.php(509): CodeIgniter\Database\BaseConnection->query('CREATE TABLE `a...')
#4 /home/bersama/Www/spd_2023/vendor/myth/auth/src/Database/Migrations/2017-11-20-223112_create_auth_tables.php(65): CodeIgniter\Database\Forge->createTable('auth_tokens', true)
#5 /home/bersama/Www/spd_2023/system/Database/MigrationRunner.php(868): Myth\Auth\Database\Migrations\CreateAuthTables->up()
#6 /home/bersama/Www/spd_2023/system/Database/MigrationRunner.php(187): CodeIgniter\Database\MigrationRunner->migrate('up', Object(stdClass))
#7 /home/bersama/Www/spd_2023/system/Commands/Database/Migrate.php(84): CodeIgniter\Database\MigrationRunner->latest(NULL)
#8 /home/bersama/Www/spd_2023/system/CLI/Commands.php(63): CodeIgniter\Commands\Database\Migrate->run(Array)
#9 /home/bersama/Www/spd_2023/system/CLI/CommandRunner.php(65): CodeIgniter\CLI\Commands->run('migrate', Array)
#10 /home/bersama/Www/spd_2023/system/CLI/CommandRunner.php(51): CodeIgniter\CLI\CommandRunner->index(Array)
#11 /home/bersama/Www/spd_2023/system/CodeIgniter.php(920): CodeIgniter\CLI\CommandRunner->_remap('index', Array)
#12 /home/bersama/Www/spd_2023/system/CodeIgniter.php(482): CodeIgniter\CodeIgniter->runController(Object(CodeIgniter\CLI\CommandRunner))
#13 /home/bersama/Www/spd_2023/system/CodeIgniter.php(347): CodeIgniter\CodeIgniter->handleRequest(NULL, Object(Config\Cache), false)
#14 /home/bersama/Www/spd_2023/system/CLI/Console.php(48): CodeIgniter\CodeIgniter->run()
#15 /home/bersama/Www/spd_2023/spark(98): CodeIgniter\CLI\Console->run()
#16 {main}
ERROR - 2023-03-08 21:26:24 --> mysqli_sql_exception: Can't create table `spd_2023`.`auth_tokens` (errno: 150 "Foreign key constraint is incorrectly formed") in /home/bersama/Www/spd_2023/system/Database/MySQLi/Connection.php:292
Stack trace:
#0 /home/bersama/Www/spd_2023/system/Database/MySQLi/Connection.php(292): mysqli->query('CREATE TABLE `a...', 0)
#1 /home/bersama/Www/spd_2023/system/Database/BaseConnection.php(666): CodeIgniter\Database\MySQLi\Connection->execute('CREATE TABLE `a...')
#2 /home/bersama/Www/spd_2023/system/Database/BaseConnection.php(593): CodeIgniter\Database\BaseConnection->simpleQuery('CREATE TABLE `a...')
#3 /home/bersama/Www/spd_2023/system/Database/Forge.php(509): CodeIgniter\Database\BaseConnection->query('CREATE TABLE `a...')
#4 /home/bersama/Www/spd_2023/vendor/myth/auth/src/Database/Migrations/2017-11-20-223112_create_auth_tables.php(65): CodeIgniter\Database\Forge->createTable('auth_tokens', true)
#5 /home/bersama/Www/spd_2023/system/Database/MigrationRunner.php(868): Myth\Auth\Database\Migrations\CreateAuthTables->up()
#6 /home/bersama/Www/spd_2023/system/Database/MigrationRunner.php(187): CodeIgniter\Database\MigrationRunner->migrate('up', Object(stdClass))
#7 /home/bersama/Www/spd_2023/system/Commands/Database/Migrate.php(84): CodeIgniter\Database\MigrationRunner->latest(NULL)
#8 /home/bersama/Www/spd_2023/system/CLI/Commands.php(63): CodeIgniter\Commands\Database\Migrate->run(Array)
#9 /home/bersama/Www/spd_2023/system/CLI/CommandRunner.php(65): CodeIgniter\CLI\Commands->run('migrate', Array)
#10 /home/bersama/Www/spd_2023/system/CLI/CommandRunner.php(51): CodeIgniter\CLI\CommandRunner->index(Array)
#11 /home/bersama/Www/spd_2023/system/CodeIgniter.php(920): CodeIgniter\CLI\CommandRunner->_remap('index', Array)
#12 /home/bersama/Www/spd_2023/system/CodeIgniter.php(482): CodeIgniter\CodeIgniter->runController(Object(CodeIgniter\CLI\CommandRunner))
#13 /home/bersama/Www/spd_2023/system/CodeIgniter.php(347): CodeIgniter\CodeIgniter->handleRequest(NULL, Object(Config\Cache), false)
#14 /home/bersama/Www/spd_2023/system/CLI/Console.php(48): CodeIgniter\CodeIgniter->run()
#15 /home/bersama/Www/spd_2023/spark(98): CodeIgniter\CLI\Console->run()
#16 {main}
ERROR - 2023-03-08 21:26:29 --> mysqli_sql_exception: Can't create table `spd_2023`.`auth_tokens` (errno: 150 "Foreign key constraint is incorrectly formed") in /home/bersama/Www/spd_2023/system/Database/MySQLi/Connection.php:292
Stack trace:
#0 /home/bersama/Www/spd_2023/system/Database/MySQLi/Connection.php(292): mysqli->query('CREATE TABLE `a...', 0)
#1 /home/bersama/Www/spd_2023/system/Database/BaseConnection.php(666): CodeIgniter\Database\MySQLi\Connection->execute('CREATE TABLE `a...')
#2 /home/bersama/Www/spd_2023/system/Database/BaseConnection.php(593): CodeIgniter\Database\BaseConnection->simpleQuery('CREATE TABLE `a...')
#3 /home/bersama/Www/spd_2023/system/Database/Forge.php(509): CodeIgniter\Database\BaseConnection->query('CREATE TABLE `a...')
#4 /home/bersama/Www/spd_2023/vendor/myth/auth/src/Database/Migrations/2017-11-20-223112_create_auth_tables.php(65): CodeIgniter\Database\Forge->createTable('auth_tokens', true)
#5 /home/bersama/Www/spd_2023/system/Database/MigrationRunner.php(868): Myth\Auth\Database\Migrations\CreateAuthTables->up()
#6 /home/bersama/Www/spd_2023/system/Database/MigrationRunner.php(187): CodeIgniter\Database\MigrationRunner->migrate('up', Object(stdClass))
#7 /home/bersama/Www/spd_2023/system/Commands/Database/Migrate.php(84): CodeIgniter\Database\MigrationRunner->latest(NULL)
#8 /home/bersama/Www/spd_2023/system/CLI/Commands.php(63): CodeIgniter\Commands\Database\Migrate->run(Array)
#9 /home/bersama/Www/spd_2023/system/CLI/CommandRunner.php(65): CodeIgniter\CLI\Commands->run('migrate', Array)
#10 /home/bersama/Www/spd_2023/system/CLI/CommandRunner.php(51): CodeIgniter\CLI\CommandRunner->index(Array)
#11 /home/bersama/Www/spd_2023/system/CodeIgniter.php(920): CodeIgniter\CLI\CommandRunner->_remap('index', Array)
#12 /home/bersama/Www/spd_2023/system/CodeIgniter.php(482): CodeIgniter\CodeIgniter->runController(Object(CodeIgniter\CLI\CommandRunner))
#13 /home/bersama/Www/spd_2023/system/CodeIgniter.php(347): CodeIgniter\CodeIgniter->handleRequest(NULL, Object(Config\Cache), false)
#14 /home/bersama/Www/spd_2023/system/CLI/Console.php(48): CodeIgniter\CodeIgniter->run()
#15 /home/bersama/Www/spd_2023/spark(98): CodeIgniter\CLI\Console->run()
#16 {main}
