CRITICAL - 2023-03-05 10:42:55 --> Undefined variable: id_spd
in APPPATH/Controllers/Spd.php on line 364.
 1 APPPATH/Controllers/Spd.php(364): CodeIgniter\Debug\Exceptions->errorHandler(8, 'Undefined variable: id_spd', 'APPPATH/Controllers/Spd.php', 364, [...])
 2 SYSTEMPATH/CodeIgniter.php(927): App\Controllers\Spd->cetak('MjY=')
 3 SYSTEMPATH/CodeIgniter.php(482): CodeIgniter\CodeIgniter->runController(Object(App\Controllers\Spd))
 4 SYSTEMPATH/CodeIgniter.php(351): CodeIgniter\CodeIgniter->handleRequest(null, Object(Config\Cache), false)
 5 FCPATH/index.php(67): CodeIgniter\CodeIgniter->run()
CRITICAL - 2023-03-05 10:45:18 --> Undefined variable: id_spd
in APPPATH/Controllers/Spd.php on line 364.
 1 APPPATH/Controllers/Spd.php(364): CodeIgniter\Debug\Exceptions->errorHandler(8, 'Undefined variable: id_spd', 'APPPATH/Controllers/Spd.php', 364, [...])
 2 SYSTEMPATH/CodeIgniter.php(927): App\Controllers\Spd->cetak('MjY=')
 3 SYSTEMPATH/CodeIgniter.php(482): CodeIgniter\CodeIgniter->runController(Object(App\Controllers\Spd))
 4 SYSTEMPATH/CodeIgniter.php(351): CodeIgniter\CodeIgniter->handleRequest(null, Object(Config\Cache), false)
 5 FCPATH/index.php(67): CodeIgniter\CodeIgniter->run()
CRITICAL - 2023-03-05 10:45:48 --> Undefined variable: row
in APPPATH/Controllers/Spd.php on line 395.
 1 APPPATH/Controllers/Spd.php(395): CodeIgniter\Debug\Exceptions->errorHandler(8, 'Undefined variable: row', 'APPPATH/Controllers/Spd.php', 395, [...])
 2 SYSTEMPATH/CodeIgniter.php(927): App\Controllers\Spd->cetak('MjY=')
 3 SYSTEMPATH/CodeIgniter.php(482): CodeIgniter\CodeIgniter->runController(Object(App\Controllers\Spd))
 4 SYSTEMPATH/CodeIgniter.php(351): CodeIgniter\CodeIgniter->handleRequest(null, Object(Config\Cache), false)
 5 FCPATH/index.php(67): CodeIgniter\CodeIgniter->run()
CRITICAL - 2023-03-05 10:46:20 --> Invalid file: spd/cetak.php
in SYSTEMPATH/Exceptions/FrameworkException.php on line 33.
 1 SYSTEMPATH/View/View.php(201): CodeIgniter\Exceptions\FrameworkException::forInvalidFile('spd/cetak.php')
 2 SYSTEMPATH/Common.php(1134): CodeIgniter\View\View->render('spd/cetak', [], true)
 3 APPPATH/Controllers/Spd.php(414): view('spd/cetak', [...])
 4 SYSTEMPATH/CodeIgniter.php(927): App\Controllers\Spd->cetak('MjY=')
 5 SYSTEMPATH/CodeIgniter.php(482): CodeIgniter\CodeIgniter->runController(Object(App\Controllers\Spd))
 6 SYSTEMPATH/CodeIgniter.php(351): CodeIgniter\CodeIgniter->handleRequest(null, Object(Config\Cache), false)
 7 FCPATH/index.php(67): CodeIgniter\CodeIgniter->run()
CRITICAL - 2023-03-05 10:59:08 --> Call to undefined method Config\View::item()
in APPPATH/Views/spd/cetak_spd.php on line 8.
 1 SYSTEMPATH/View/View.php(213): include()
 2 SYSTEMPATH/View/View.php(216): CodeIgniter\View\View->CodeIgniter\View\{closure}()
 3 SYSTEMPATH/Common.php(1134): CodeIgniter\View\View->render('spd/cetak_spd', [], true)
 4 APPPATH/Controllers/Spd.php(418): view('spd/cetak_spd', [...])
 5 SYSTEMPATH/CodeIgniter.php(927): App\Controllers\Spd->cetak('MjY=')
 6 SYSTEMPATH/CodeIgniter.php(482): CodeIgniter\CodeIgniter->runController(Object(App\Controllers\Spd))
 7 SYSTEMPATH/CodeIgniter.php(351): CodeIgniter\CodeIgniter->handleRequest(null, Object(Config\Cache), false)
 8 FCPATH/index.php(67): CodeIgniter\CodeIgniter->run()
CRITICAL - 2023-03-05 11:02:04 --> Undefined variable: nomor_spd
in APPPATH/Views/spd/cetak_spd.php on line 41.
 1 APPPATH/Views/spd/cetak_spd.php(41): CodeIgniter\Debug\Exceptions->errorHandler(8, 'Undefined variable: nomor_spd', 'APPPATH/Views/spd/cetak_spd.php', 41, [...])
 2 SYSTEMPATH/View/View.php(213): include('APPPATH/Views/spd/cetak_spd.php')
 3 SYSTEMPATH/View/View.php(216): CodeIgniter\View\View->CodeIgniter\View\{closure}()
 4 SYSTEMPATH/Common.php(1134): CodeIgniter\View\View->render('spd/cetak_spd', [], true)
 5 APPPATH/Controllers/Spd.php(418): view('spd/cetak_spd', [...])
 6 SYSTEMPATH/CodeIgniter.php(927): App\Controllers\Spd->cetak('MjY=')
 7 SYSTEMPATH/CodeIgniter.php(482): CodeIgniter\CodeIgniter->runController(Object(App\Controllers\Spd))
 8 SYSTEMPATH/CodeIgniter.php(351): CodeIgniter\CodeIgniter->handleRequest(null, Object(Config\Cache), false)
 9 FCPATH/index.php(67): CodeIgniter\CodeIgniter->run()
CRITICAL - 2023-03-05 11:15:06 --> Trying to access array offset on value of type null
in APPPATH/Controllers/Spd.php on line 358.
 1 APPPATH/Controllers/Spd.php(358): CodeIgniter\Debug\Exceptions->errorHandler(8, 'Trying to access array offset on value of type null', 'APPPATH/Controllers/Spd.php', 358, [...])
 2 SYSTEMPATH/CodeIgniter.php(927): App\Controllers\Spd->cetak('MjY=')
 3 SYSTEMPATH/CodeIgniter.php(482): CodeIgniter\CodeIgniter->runController(Object(App\Controllers\Spd))
 4 SYSTEMPATH/CodeIgniter.php(351): CodeIgniter\CodeIgniter->handleRequest(null, Object(Config\Cache), false)
 5 FCPATH/index.php(67): CodeIgniter\CodeIgniter->run()
CRITICAL - 2023-03-05 11:18:14 --> Undefined variable: ibukota
in APPPATH/Views/spd/cetak_spd.php on line 62.
 1 APPPATH/Views/spd/cetak_spd.php(62): CodeIgniter\Debug\Exceptions->errorHandler(8, 'Undefined variable: ibukota', 'APPPATH/Views/spd/cetak_spd.php', 62, [...])
 2 SYSTEMPATH/View/View.php(213): include('APPPATH/Views/spd/cetak_spd.php')
 3 SYSTEMPATH/View/View.php(216): CodeIgniter\View\View->CodeIgniter\View\{closure}()
 4 SYSTEMPATH/Common.php(1134): CodeIgniter\View\View->render('spd/cetak_spd', [], true)
 5 APPPATH/Controllers/Spd.php(407): view('spd/cetak_spd', [...])
 6 SYSTEMPATH/CodeIgniter.php(927): App\Controllers\Spd->cetak('Mjg=')
 7 SYSTEMPATH/CodeIgniter.php(482): CodeIgniter\CodeIgniter->runController(Object(App\Controllers\Spd))
 8 SYSTEMPATH/CodeIgniter.php(351): CodeIgniter\CodeIgniter->handleRequest(null, Object(Config\Cache), false)
 9 FCPATH/index.php(67): CodeIgniter\CodeIgniter->run()
CRITICAL - 2023-03-05 11:18:40 --> Undefined variable: tgl_sttd_pd
in APPPATH/Views/spd/cetak_spd.php on line 67.
 1 APPPATH/Views/spd/cetak_spd.php(67): CodeIgniter\Debug\Exceptions->errorHandler(8, 'Undefined variable: tgl_sttd_pd', 'APPPATH/Views/spd/cetak_spd.php', 67, [...])
 2 SYSTEMPATH/View/View.php(213): include('APPPATH/Views/spd/cetak_spd.php')
 3 SYSTEMPATH/View/View.php(216): CodeIgniter\View\View->CodeIgniter\View\{closure}()
 4 SYSTEMPATH/Common.php(1134): CodeIgniter\View\View->render('spd/cetak_spd', [], true)
 5 APPPATH/Controllers/Spd.php(408): view('spd/cetak_spd', [...])
 6 SYSTEMPATH/CodeIgniter.php(927): App\Controllers\Spd->cetak('Mjg=')
 7 SYSTEMPATH/CodeIgniter.php(482): CodeIgniter\CodeIgniter->runController(Object(App\Controllers\Spd))
 8 SYSTEMPATH/CodeIgniter.php(351): CodeIgniter\CodeIgniter->handleRequest(null, Object(Config\Cache), false)
 9 FCPATH/index.php(67): CodeIgniter\CodeIgniter->run()
CRITICAL - 2023-03-05 11:18:53 --> Undefined variable: tgl_ttd_pd
in APPPATH/Views/spd/cetak_spd.php on line 67.
 1 APPPATH/Views/spd/cetak_spd.php(67): CodeIgniter\Debug\Exceptions->errorHandler(8, 'Undefined variable: tgl_ttd_pd', 'APPPATH/Views/spd/cetak_spd.php', 67, [...])
 2 SYSTEMPATH/View/View.php(213): include('APPPATH/Views/spd/cetak_spd.php')
 3 SYSTEMPATH/View/View.php(216): CodeIgniter\View\View->CodeIgniter\View\{closure}()
 4 SYSTEMPATH/Common.php(1134): CodeIgniter\View\View->render('spd/cetak_spd', [], true)
 5 APPPATH/Controllers/Spd.php(408): view('spd/cetak_spd', [...])
 6 SYSTEMPATH/CodeIgniter.php(927): App\Controllers\Spd->cetak('Mjg=')
 7 SYSTEMPATH/CodeIgniter.php(482): CodeIgniter\CodeIgniter->runController(Object(App\Controllers\Spd))
 8 SYSTEMPATH/CodeIgniter.php(351): CodeIgniter\CodeIgniter->handleRequest(null, Object(Config\Cache), false)
 9 FCPATH/index.php(67): CodeIgniter\CodeIgniter->run()
CRITICAL - 2023-03-05 11:19:06 --> Undefined variable: tgl_ttd_spd
in APPPATH/Views/spd/cetak_spd.php on line 67.
 1 APPPATH/Views/spd/cetak_spd.php(67): CodeIgniter\Debug\Exceptions->errorHandler(8, 'Undefined variable: tgl_ttd_spd', 'APPPATH/Views/spd/cetak_spd.php', 67, [...])
 2 SYSTEMPATH/View/View.php(213): include('APPPATH/Views/spd/cetak_spd.php')
 3 SYSTEMPATH/View/View.php(216): CodeIgniter\View\View->CodeIgniter\View\{closure}()
 4 SYSTEMPATH/Common.php(1134): CodeIgniter\View\View->render('spd/cetak_spd', [], true)
 5 APPPATH/Controllers/Spd.php(408): view('spd/cetak_spd', [...])
 6 SYSTEMPATH/CodeIgniter.php(927): App\Controllers\Spd->cetak('Mjg=')
 7 SYSTEMPATH/CodeIgniter.php(482): CodeIgniter\CodeIgniter->runController(Object(App\Controllers\Spd))
 8 SYSTEMPATH/CodeIgniter.php(351): CodeIgniter\CodeIgniter->handleRequest(null, Object(Config\Cache), false)
 9 FCPATH/index.php(67): CodeIgniter\CodeIgniter->run()
CRITICAL - 2023-03-05 12:30:31 --> Undefined index: tingkat_spd
in APPPATH/Controllers/Spd.php on line 382.
 1 APPPATH/Controllers/Spd.php(382): CodeIgniter\Debug\Exceptions->errorHandler(8, 'Undefined index: tingkat_spd', 'APPPATH/Controllers/Spd.php', 382, [...])
 2 SYSTEMPATH/CodeIgniter.php(927): App\Controllers\Spd->cetak('Mjg=')
 3 SYSTEMPATH/CodeIgniter.php(482): CodeIgniter\CodeIgniter->runController(Object(App\Controllers\Spd))
 4 SYSTEMPATH/CodeIgniter.php(351): CodeIgniter\CodeIgniter->handleRequest(null, Object(Config\Cache), false)
 5 FCPATH/index.php(67): CodeIgniter\CodeIgniter->run()
CRITICAL - 2023-03-05 12:48:04 --> Undefined variable: intansi_singkat
in APPPATH/Views/spd/cetak_spd.php on line 131.
 1 APPPATH/Views/spd/cetak_spd.php(131): CodeIgniter\Debug\Exceptions->errorHandler(8, 'Undefined variable: intansi_singkat', 'APPPATH/Views/spd/cetak_spd.php', 131, [...])
 2 SYSTEMPATH/View/View.php(213): include('APPPATH/Views/spd/cetak_spd.php')
 3 SYSTEMPATH/View/View.php(216): CodeIgniter\View\View->CodeIgniter\View\{closure}()
 4 SYSTEMPATH/Common.php(1134): CodeIgniter\View\View->render('spd/cetak_spd', [], true)
 5 APPPATH/Controllers/Spd.php(414): view('spd/cetak_spd', [...])
 6 SYSTEMPATH/CodeIgniter.php(927): App\Controllers\Spd->cetak('MTQ=')
 7 SYSTEMPATH/CodeIgniter.php(482): CodeIgniter\CodeIgniter->runController(Object(App\Controllers\Spd))
 8 SYSTEMPATH/CodeIgniter.php(351): CodeIgniter\CodeIgniter->handleRequest(null, Object(Config\Cache), false)
 9 FCPATH/index.php(67): CodeIgniter\CodeIgniter->run()
CRITICAL - 2023-03-05 12:58:35 --> Call to undefined function uppercase()
in APPPATH/Views/spd/cetak_spd.php on line 22.
 1 SYSTEMPATH/View/View.php(213): include()
 2 SYSTEMPATH/View/View.php(216): CodeIgniter\View\View->CodeIgniter\View\{closure}()
 3 SYSTEMPATH/Common.php(1134): CodeIgniter\View\View->render('spd/cetak_spd', [], true)
 4 APPPATH/Controllers/Spd.php(414): view('spd/cetak_spd', [...])
 5 SYSTEMPATH/CodeIgniter.php(927): App\Controllers\Spd->cetak('MTQ=')
 6 SYSTEMPATH/CodeIgniter.php(482): CodeIgniter\CodeIgniter->runController(Object(App\Controllers\Spd))
 7 SYSTEMPATH/CodeIgniter.php(351): CodeIgniter\CodeIgniter->handleRequest(null, Object(Config\Cache), false)
 8 FCPATH/index.php(67): CodeIgniter\CodeIgniter->run()
CRITICAL - 2023-03-05 13:50:10 --> Call to undefined method Config\View::item()
in APPPATH/Views/spd/cetak_spd.php on line 26.
 1 SYSTEMPATH/View/View.php(213): include()
 2 SYSTEMPATH/View/View.php(216): CodeIgniter\View\View->CodeIgniter\View\{closure}()
 3 SYSTEMPATH/Common.php(1134): CodeIgniter\View\View->render('spd/cetak_spd', [], true)
 4 APPPATH/Controllers/Spd.php(414): view('spd/cetak_spd', [...])
 5 SYSTEMPATH/CodeIgniter.php(927): App\Controllers\Spd->cetak('MTQ=')
 6 SYSTEMPATH/CodeIgniter.php(482): CodeIgniter\CodeIgniter->runController(Object(App\Controllers\Spd))
 7 SYSTEMPATH/CodeIgniter.php(351): CodeIgniter\CodeIgniter->handleRequest(null, Object(Config\Cache), false)
 8 FCPATH/index.php(67): CodeIgniter\CodeIgniter->run()
CRITICAL - 2023-03-05 14:31:56 --> Undefined variable: nomor
in APPPATH/Views/spd/cetak_spd.php on line 50.
 1 APPPATH/Views/spd/cetak_spd.php(50): CodeIgniter\Debug\Exceptions->errorHandler(8, 'Undefined variable: nomor', 'APPPATH/Views/spd/cetak_spd.php', 50, [...])
 2 SYSTEMPATH/View/View.php(213): include('APPPATH/Views/spd/cetak_spd.php')
 3 SYSTEMPATH/View/View.php(216): CodeIgniter\View\View->CodeIgniter\View\{closure}()
 4 SYSTEMPATH/Common.php(1134): CodeIgniter\View\View->render('spd/cetak_spd', [], true)
 5 APPPATH/Controllers/Spd.php(414): view('spd/cetak_spd', [...])
 6 SYSTEMPATH/CodeIgniter.php(927): App\Controllers\Spd->cetak('MTQ=')
 7 SYSTEMPATH/CodeIgniter.php(482): CodeIgniter\CodeIgniter->runController(Object(App\Controllers\Spd))
 8 SYSTEMPATH/CodeIgniter.php(351): CodeIgniter\CodeIgniter->handleRequest(null, Object(Config\Cache), false)
 9 FCPATH/index.php(67): CodeIgniter\CodeIgniter->run()
CRITICAL - 2023-03-05 15:42:14 --> Call to undefined function strtotupper()
in APPPATH/Views/spd/cetak_spd.php on line 40.
 1 SYSTEMPATH/View/View.php(213): include()
 2 SYSTEMPATH/View/View.php(216): CodeIgniter\View\View->CodeIgniter\View\{closure}()
 3 SYSTEMPATH/Common.php(1134): CodeIgniter\View\View->render('spd/cetak_spd', [], true)
 4 APPPATH/Controllers/Spd.php(414): view('spd/cetak_spd', [...])
 5 SYSTEMPATH/CodeIgniter.php(927): App\Controllers\Spd->cetak('Mjk=')
 6 SYSTEMPATH/CodeIgniter.php(482): CodeIgniter\CodeIgniter->runController(Object(App\Controllers\Spd))
 7 SYSTEMPATH/CodeIgniter.php(351): CodeIgniter\CodeIgniter->handleRequest(null, Object(Config\Cache), false)
 8 FCPATH/index.php(67): CodeIgniter\CodeIgniter->run()
CRITICAL - 2023-03-05 16:18:37 --> Call to undefined method Config\View::item()
in APPPATH/Views/spd/cetak_spd.php on line 213.
 1 SYSTEMPATH/View/View.php(213): include()
 2 SYSTEMPATH/View/View.php(216): CodeIgniter\View\View->CodeIgniter\View\{closure}()
 3 SYSTEMPATH/Common.php(1134): CodeIgniter\View\View->render('spd/cetak_spd', [], true)
 4 APPPATH/Controllers/Spd.php(414): view('spd/cetak_spd', [...])
 5 SYSTEMPATH/CodeIgniter.php(927): App\Controllers\Spd->cetak('Mjk=')
 6 SYSTEMPATH/CodeIgniter.php(482): CodeIgniter\CodeIgniter->runController(Object(App\Controllers\Spd))
 7 SYSTEMPATH/CodeIgniter.php(351): CodeIgniter\CodeIgniter->handleRequest(null, Object(Config\Cache), false)
 8 FCPATH/index.php(67): CodeIgniter\CodeIgniter->run()
CRITICAL - 2023-03-05 17:02:25 --> Undefined variable: st_lokasi_numrows
in APPPATH/Views/spd/cetak_spd.php on line 125.
 1 APPPATH/Views/spd/cetak_spd.php(125): CodeIgniter\Debug\Exceptions->errorHandler(8, 'Undefined variable: st_lokasi_numrows', 'APPPATH/Views/spd/cetak_spd.php', 125, [...])
 2 SYSTEMPATH/View/View.php(213): include('APPPATH/Views/spd/cetak_spd.php')
 3 SYSTEMPATH/View/View.php(216): CodeIgniter\View\View->CodeIgniter\View\{closure}()
 4 SYSTEMPATH/Common.php(1134): CodeIgniter\View\View->render('spd/cetak_spd', [], true)
 5 APPPATH/Controllers/Spd.php(418): view('spd/cetak_spd', [...])
 6 SYSTEMPATH/CodeIgniter.php(927): App\Controllers\Spd->cetak('Mjk=')
 7 SYSTEMPATH/CodeIgniter.php(482): CodeIgniter\CodeIgniter->runController(Object(App\Controllers\Spd))
 8 SYSTEMPATH/CodeIgniter.php(351): CodeIgniter\CodeIgniter->handleRequest(null, Object(Config\Cache), false)
 9 FCPATH/index.php(67): CodeIgniter\CodeIgniter->run()
CRITICAL - 2023-03-05 17:03:06 --> Undefined variable: st_lokasi_numrows
in APPPATH/Views/spd/cetak_spd.php on line 125.
 1 APPPATH/Views/spd/cetak_spd.php(125): CodeIgniter\Debug\Exceptions->errorHandler(8, 'Undefined variable: st_lokasi_numrows', 'APPPATH/Views/spd/cetak_spd.php', 125, [...])
 2 SYSTEMPATH/View/View.php(213): include('APPPATH/Views/spd/cetak_spd.php')
 3 SYSTEMPATH/View/View.php(216): CodeIgniter\View\View->CodeIgniter\View\{closure}()
 4 SYSTEMPATH/Common.php(1134): CodeIgniter\View\View->render('spd/cetak_spd', [], true)
 5 APPPATH/Controllers/Spd.php(418): view('spd/cetak_spd', [...])
 6 SYSTEMPATH/CodeIgniter.php(927): App\Controllers\Spd->cetak('Mjk=')
 7 SYSTEMPATH/CodeIgniter.php(482): CodeIgniter\CodeIgniter->runController(Object(App\Controllers\Spd))
 8 SYSTEMPATH/CodeIgniter.php(351): CodeIgniter\CodeIgniter->handleRequest(null, Object(Config\Cache), false)
 9 FCPATH/index.php(67): CodeIgniter\CodeIgniter->run()
CRITICAL - 2023-03-05 17:03:36 --> Illegal string offset 'nama_lokasi'
in APPPATH/Views/spd/cetak_spd.php on line 269.
 1 APPPATH/Views/spd/cetak_spd.php(269): CodeIgniter\Debug\Exceptions->errorHandler(2, 'Illegal string offset \'nama_lokasi\'', 'APPPATH/Views/spd/cetak_spd.php', 269, [...])
 2 SYSTEMPATH/View/View.php(213): include('APPPATH/Views/spd/cetak_spd.php')
 3 SYSTEMPATH/View/View.php(216): CodeIgniter\View\View->CodeIgniter\View\{closure}()
 4 SYSTEMPATH/Common.php(1134): CodeIgniter\View\View->render('spd/cetak_spd', [], true)
 5 APPPATH/Controllers/Spd.php(418): view('spd/cetak_spd', [...])
 6 SYSTEMPATH/CodeIgniter.php(927): App\Controllers\Spd->cetak('Mjk=')
 7 SYSTEMPATH/CodeIgniter.php(482): CodeIgniter\CodeIgniter->runController(Object(App\Controllers\Spd))
 8 SYSTEMPATH/CodeIgniter.php(351): CodeIgniter\CodeIgniter->handleRequest(null, Object(Config\Cache), false)
 9 FCPATH/index.php(67): CodeIgniter\CodeIgniter->run()
CRITICAL - 2023-03-05 17:04:32 --> Undefined variable: r_spd
in APPPATH/Views/spd/cetak_spd.php on line 327.
 1 APPPATH/Views/spd/cetak_spd.php(327): CodeIgniter\Debug\Exceptions->errorHandler(8, 'Undefined variable: r_spd', 'APPPATH/Views/spd/cetak_spd.php', 327, [...])
 2 SYSTEMPATH/View/View.php(213): include('APPPATH/Views/spd/cetak_spd.php')
 3 SYSTEMPATH/View/View.php(216): CodeIgniter\View\View->CodeIgniter\View\{closure}()
 4 SYSTEMPATH/Common.php(1134): CodeIgniter\View\View->render('spd/cetak_spd', [], true)
 5 APPPATH/Controllers/Spd.php(418): view('spd/cetak_spd', [...])
 6 SYSTEMPATH/CodeIgniter.php(927): App\Controllers\Spd->cetak('Mjk=')
 7 SYSTEMPATH/CodeIgniter.php(482): CodeIgniter\CodeIgniter->runController(Object(App\Controllers\Spd))
 8 SYSTEMPATH/CodeIgniter.php(351): CodeIgniter\CodeIgniter->handleRequest(null, Object(Config\Cache), false)
 9 FCPATH/index.php(67): CodeIgniter\CodeIgniter->run()
CRITICAL - 2023-03-05 20:12:06 --> Undefined variable: kabkota_singkat
in APPPATH/Views/spd/cetak_spd.php on line 242.
 1 APPPATH/Views/spd/cetak_spd.php(242): CodeIgniter\Debug\Exceptions->errorHandler(8, 'Undefined variable: kabkota_singkat', 'APPPATH/Views/spd/cetak_spd.php', 242, [...])
 2 SYSTEMPATH/View/View.php(213): include('APPPATH/Views/spd/cetak_spd.php')
 3 SYSTEMPATH/View/View.php(216): CodeIgniter\View\View->CodeIgniter\View\{closure}()
 4 SYSTEMPATH/Common.php(1134): CodeIgniter\View\View->render('spd/cetak_spd', [], true)
 5 APPPATH/Controllers/Spd.php(418): view('spd/cetak_spd', [...])
 6 SYSTEMPATH/CodeIgniter.php(927): App\Controllers\Spd->cetak('Mjg=')
 7 SYSTEMPATH/CodeIgniter.php(482): CodeIgniter\CodeIgniter->runController(Object(App\Controllers\Spd))
 8 SYSTEMPATH/CodeIgniter.php(351): CodeIgniter\CodeIgniter->handleRequest(null, Object(Config\Cache), false)
 9 FCPATH/index.php(67): CodeIgniter\CodeIgniter->run()
