CRITICAL - 2023-03-03 05:39:08 --> Call to undefined function App\Controllers\tambahSpd()
in APPPATH/Controllers/Surattugas.php on line 147.
 1 SYSTEMPATH/CodeIgniter.php(927): App\Controllers\Surattugas->dataDetil()
 2 SYSTEMPATH/CodeIgniter.php(482): CodeIgniter\CodeIgniter->runController(Object(App\Controllers\Surattugas))
 3 SYSTEMPATH/CodeIgniter.php(351): CodeIgniter\CodeIgniter->handleRequest(null, Object(Config\Cache), false)
 4 FCPATH/index.php(67): CodeIgniter\CodeIgniter->run()
CRITICAL - 2023-03-03 05:40:13 --> Call to undefined function App\Controllers\tambahSpd()
in APPPATH/Controllers/Surattugas.php on line 147.
 1 SYSTEMPATH/CodeIgniter.php(927): App\Controllers\Surattugas->dataDetil()
 2 SYSTEMPATH/CodeIgniter.php(482): CodeIgniter\CodeIgniter->runController(Object(App\Controllers\Surattugas))
 3 SYSTEMPATH/CodeIgniter.php(351): CodeIgniter\CodeIgniter->handleRequest(null, Object(Config\Cache), false)
 4 FCPATH/index.php(67): CodeIgniter\CodeIgniter->run()
CRITICAL - 2023-03-03 07:26:40 --> include(surattugas/buatSpd.js): failed to open stream: No such file or directory
in APPPATH/Views/themes/AdminLTE/default.php on line 180.
 1 APPPATH/Views/themes/AdminLTE/default.php(180): CodeIgniter\Debug\Exceptions->errorHandler(2, 'include(surattugas/buatSpd.js): failed to open stream: No such file or directory', 'APPPATH/Views/themes/AdminLTE/default.php', 180, [...])
 2 APPPATH/Views/themes/AdminLTE/default.php(180): include()
 3 SYSTEMPATH/View/View.php(213): include('APPPATH/Views/themes/AdminLTE/default.php')
 4 SYSTEMPATH/View/View.php(216): CodeIgniter\View\View->CodeIgniter\View\{closure}()
 5 SYSTEMPATH/View/View.php(229): CodeIgniter\View\View->render('themes/AdminLTE/default', [], true)
 6 SYSTEMPATH/Common.php(1134): CodeIgniter\View\View->render('surattugas/detil', [], true)
 7 APPPATH/Controllers/Surattugas.php(130): view('surattugas/detil', [...])
 8 SYSTEMPATH/CodeIgniter.php(927): App\Controllers\Surattugas->detil('NTY=')
 9 SYSTEMPATH/CodeIgniter.php(482): CodeIgniter\CodeIgniter->runController(Object(App\Controllers\Surattugas))
10 SYSTEMPATH/CodeIgniter.php(351): CodeIgniter\CodeIgniter->handleRequest(null, Object(Config\Cache), false)
11 FCPATH/index.php(67): CodeIgniter\CodeIgniter->run()
CRITICAL - 2023-03-03 07:27:08 --> include(): http:// wrapper is disabled in the server configuration by allow_url_include=0
in APPPATH/Views/themes/AdminLTE/default.php on line 180.
 1 APPPATH/Views/themes/AdminLTE/default.php(180): CodeIgniter\Debug\Exceptions->errorHandler(2, 'include(): http:// wrapper is disabled in the server configuration by allow_url_include=0', 'APPPATH/Views/themes/AdminLTE/default.php', 180, [...])
 2 APPPATH/Views/themes/AdminLTE/default.php(180): include()
 3 SYSTEMPATH/View/View.php(213): include('APPPATH/Views/themes/AdminLTE/default.php')
 4 SYSTEMPATH/View/View.php(216): CodeIgniter\View\View->CodeIgniter\View\{closure}()
 5 SYSTEMPATH/View/View.php(229): CodeIgniter\View\View->render('themes/AdminLTE/default', [], true)
 6 SYSTEMPATH/Common.php(1134): CodeIgniter\View\View->render('surattugas/detil', [], true)
 7 APPPATH/Controllers/Surattugas.php(130): view('surattugas/detil', [...])
 8 SYSTEMPATH/CodeIgniter.php(927): App\Controllers\Surattugas->detil('NTY=')
 9 SYSTEMPATH/CodeIgniter.php(482): CodeIgniter\CodeIgniter->runController(Object(App\Controllers\Surattugas))
10 SYSTEMPATH/CodeIgniter.php(351): CodeIgniter\CodeIgniter->handleRequest(null, Object(Config\Cache), false)
11 FCPATH/index.php(67): CodeIgniter\CodeIgniter->run()
CRITICAL - 2023-03-03 07:27:19 --> include(): http:// wrapper is disabled in the server configuration by allow_url_include=0
in APPPATH/Views/themes/AdminLTE/default.php on line 180.
 1 APPPATH/Views/themes/AdminLTE/default.php(180): CodeIgniter\Debug\Exceptions->errorHandler(2, 'include(): http:// wrapper is disabled in the server configuration by allow_url_include=0', 'APPPATH/Views/themes/AdminLTE/default.php', 180, [...])
 2 APPPATH/Views/themes/AdminLTE/default.php(180): include()
 3 SYSTEMPATH/View/View.php(213): include('APPPATH/Views/themes/AdminLTE/default.php')
 4 SYSTEMPATH/View/View.php(216): CodeIgniter\View\View->CodeIgniter\View\{closure}()
 5 SYSTEMPATH/View/View.php(229): CodeIgniter\View\View->render('themes/AdminLTE/default', [], true)
 6 SYSTEMPATH/Common.php(1134): CodeIgniter\View\View->render('surattugas/detil', [], true)
 7 APPPATH/Controllers/Surattugas.php(130): view('surattugas/detil', [...])
 8 SYSTEMPATH/CodeIgniter.php(927): App\Controllers\Surattugas->detil('NTY=')
 9 SYSTEMPATH/CodeIgniter.php(482): CodeIgniter\CodeIgniter->runController(Object(App\Controllers\Surattugas))
10 SYSTEMPATH/CodeIgniter.php(351): CodeIgniter\CodeIgniter->handleRequest(null, Object(Config\Cache), false)
11 FCPATH/index.php(67): CodeIgniter\CodeIgniter->run()
CRITICAL - 2023-03-03 07:28:30 --> Invalid file: http://localhost/spd_2023/public/surattugas/buatSpd.js
in SYSTEMPATH/Exceptions/FrameworkException.php on line 33.
 1 SYSTEMPATH/View/View.php(201): CodeIgniter\Exceptions\FrameworkException::forInvalidFile('http://localhost/spd_2023/public/surattugas/buatSpd.js')
 2 SYSTEMPATH/View/View.php(431): CodeIgniter\View\View->render('http://localhost/spd_2023/public/surattugas/buatSpd.js', null, true)
 3 APPPATH/Views/themes/AdminLTE/default.php(180): CodeIgniter\View\View->include('http://localhost/spd_2023/public/surattugas/buatSpd.js')
 4 SYSTEMPATH/View/View.php(213): include('APPPATH/Views/themes/AdminLTE/default.php')
 5 SYSTEMPATH/View/View.php(216): CodeIgniter\View\View->CodeIgniter\View\{closure}()
 6 SYSTEMPATH/View/View.php(229): CodeIgniter\View\View->render('themes/AdminLTE/default', [], true)
 7 SYSTEMPATH/Common.php(1134): CodeIgniter\View\View->render('surattugas/detil', [], true)
 8 APPPATH/Controllers/Surattugas.php(130): view('surattugas/detil', [...])
 9 SYSTEMPATH/CodeIgniter.php(927): App\Controllers\Surattugas->detil('NTY=')
10 SYSTEMPATH/CodeIgniter.php(482): CodeIgniter\CodeIgniter->runController(Object(App\Controllers\Surattugas))
11 SYSTEMPATH/CodeIgniter.php(351): CodeIgniter\CodeIgniter->handleRequest(null, Object(Config\Cache), false)
12 FCPATH/index.php(67): CodeIgniter\CodeIgniter->run()
